Copyright 1986-2022 Xilinx, Inc. All Rights Reserved. Copyright 2022-2024 Advanced Micro Devices, Inc. All Rights Reserved.
--------------------------------------------------------------------------------------------------------------------------------------------------------------------------------------
| Tool Version : Vivado v.2024.1 (win64) Build 5076996 Wed May 22 18:37:14 MDT 2024
| Date         : Thu Oct 31 07:46:07 2024
| Host         : NaNO2 running 64-bit major release  (build 9200)
| Command      : report_methodology -file MicroZED_wrapper_methodology_drc_routed.rpt -pb MicroZED_wrapper_methodology_drc_routed.pb -rpx MicroZED_wrapper_methodology_drc_routed.rpx
| Design       : MicroZED_wrapper
| Device       : xc7z007sclg225-1
| Speed File   : -1
| Design State : Fully Routed
--------------------------------------------------------------------------------------------------------------------------------------------------------------------------------------

Report Methodology

Table of Contents
-----------------
1. REPORT SUMMARY
2. REPORT DETAILS

1. REPORT SUMMARY
-----------------
            Netlist: netlist
          Floorplan: design_1
      Design limits: <entire design considered>
             Max violations: <unlimited>
             Violations found: 1
+-----------+----------+-------------------------------+------------+
| Rule      | Severity | Description                   | Violations |
+-----------+----------+-------------------------------+------------+
| TIMING-18 | Warning  | Missing input or output delay | 1          |
+-----------+----------+-------------------------------+------------+

2. REPORT DETAILS
-----------------
TIMING-18#1 Warning
Missing input or output delay  
An output delay is missing on PL_LED_G_0 relative to the rising and/or falling clock edge(s) of clk_fpga_1.
Related violations: <none>


